[2019-10-16 10:29:00] local.ERROR: SQLSTATE[23000]: Integrity constraint violation: 19 FOREIGN KEY constraint failed (SQL: insert into "students" ("uid", "phone", "arabic_name", "personalimage", "nidimage", "certificateimage", "messageimage", "res_id", "group_id", "updated_at", "created_at") values (6, 01065196265, محمد احمد سالم, personalimages/syNZ4VpAwWbcPKdopiH1BrwggVbOXV8shiUxGzTs.jpeg, nidimages/NYMDqbkwFD60Q2ouWWpanwuYaUcyVWcMTODIWd7X.png, certificateimages/5ZQSZEBQmqeWCs5iGaq8QNYh2P0pCpVkf0dLGWUw.png, messageimages/bkBs5kk7HU4aLlKWNufFYFjlxbVt5RvxfmnywQOw.png, 1, 1, 2019-10-16 10:29:00, 2019-10-16 10:29:00)) {"exception":"[object] (Illuminate\\Database\\QueryException(code: 23000): SQLSTATE[23000]: Integrity constraint violation: 19 FOREIGN KEY constraint failed (SQL: insert into \"students\" (\"uid\", \"phone\", \"arabic_name\", \"personalimage\", \"nidimage\", \"certificateimage\", \"messageimage\", \"res_id\", \"group_id\", \"updated_at\", \"created_at\") values (6, 01065196265, محمد احمد سالم, personalimages/syNZ4VpAwWbcPKdopiH1BrwggVbOXV8shiUxGzTs.jpeg, nidimages/NYMDqbkwFD60Q2ouWWpanwuYaUcyVWcMTODIWd7X.png, certificateimages/5ZQSZEBQmqeWCs5iGaq8QNYh2P0pCpVkf0dLGWUw.png, messageimages/bkBs5kk7HU4aLlKWNufFYFjlxbVt5RvxfmnywQOw.png, 1, 1, 2019-10-16 10:29:00, 2019-10-16 10:29:00)) at /Users/ahmedhegazy/Desktop/toefl/toeflsystem/vendor/laravel/framework/src/Illuminate/Database/Connection.php:664, PDOException(code: 23000): SQLSTATE[23000]: Integrity constraint violation: 19 FOREIGN KEY constraint failed at /Users/ahmedhegazy/Desktop/toefl/toeflsystem/vendor/laravel/framework/src/Illuminate/Database/Connection.php:458)
[stacktrace]
#0 /Users/ahmedhegazy/Desktop/toefl/toeflsystem/vendor/laravel/framework/src/Illuminate/Database/Connection.php(624): Illuminate\\Database\\Connection->runQueryCallback('insert into \"st...', Array, Object(Closure))
#1 /Users/ahmedhegazy/Desktop/toefl/toeflsystem/vendor/laravel/framework/src/Illuminate/Database/Connection.php(459): Illuminate\\Database\\Connection->run('insert into \"st...', Array, Object(Closure))
#2 /Users/ahmedhegazy/Desktop/toefl/toeflsystem/vendor/laravel/framework/src/Illuminate/Database/Connection.php(411): Illuminate\\Database\\Connection->statement('insert into \"st...', Array)
#3 /Users/ahmedhegazy/Desktop/toefl/toeflsystem/vendor/laravel/framework/src/Illuminate/Database/Query/Processors/Processor.php(32): Illuminate\\Database\\Connection->insert('insert into \"st...', Array)
#4 /Users/ahmedhegazy/Desktop/toefl/toeflsystem/vendor/laravel/framework/src/Illuminate/Database/Query/Builder.php(2690): Illuminate\\Database\\Query\\Processors\\Processor->processInsertGetId(Object(Illuminate\\Database\\Query\\Builder), 'insert into \"st...', Array, 'id')
#5 /Users/ahmedhegazy/Desktop/toefl/toeflsystem/vendor/laravel/framework/src/Illuminate/Database/Eloquent/Builder.php(1353): Illuminate\\Database\\Query\\Builder->insertGetId(Array, 'id')
#6 /Users/ahmedhegazy/Desktop/toefl/toeflsystem/vendor/laravel/framework/src/Illuminate/Database/Eloquent/Model.php(839): Illuminate\\Database\\Eloquent\\Builder->__call('insertGetId', Array)
#7 /Users/ahmedhegazy/Desktop/toefl/toeflsystem/vendor/laravel/framework/src/Illuminate/Database/Eloquent/Model.php(804): Illuminate\\Database\\Eloquent\\Model->insertAndSetId(Object(Illuminate\\Database\\Eloquent\\Builder), Array)
#8 /Users/ahmedhegazy/Desktop/toefl/toeflsystem/vendor/laravel/framework/src/Illuminate/Database/Eloquent/Model.php(667): Illuminate\\Database\\Eloquent\\Model->performInsert(Object(Illuminate\\Database\\Eloquent\\Builder))
#9 /Users/ahmedhegazy/Desktop/toefl/toeflsystem/vendor/laravel/framework/src/Illuminate/Database/Eloquent/Builder.php(795): Illuminate\\Database\\Eloquent\\Model->save()
#10 /Users/ahmedhegazy/Desktop/toefl/toeflsystem/vendor/laravel/framework/src/Illuminate/Support/helpers.php(1124): Illuminate\\Database\\Eloquent\\Builder->Illuminate\\Database\\Eloquent\\{closure}(Object(App\\Student))
#11 /Users/ahmedhegazy/Desktop/toefl/toeflsystem/vendor/laravel/framework/src/Illuminate/Database/Eloquent/Builder.php(796): tap(Object(App\\Student), Object(Closure))
#12 /Users/ahmedhegazy/Desktop/toefl/toeflsystem/vendor/laravel/framework/src/Illuminate/Support/Traits/ForwardsCalls.php(23): Illuminate\\Database\\Eloquent\\Builder->create(Array)
#13 /Users/ahmedhegazy/Desktop/toefl/toeflsystem/vendor/laravel/framework/src/Illuminate/Database/Eloquent/Model.php(1618): Illuminate\\Database\\Eloquent\\Model->forwardCallTo(Object(Illuminate\\Database\\Eloquent\\Builder), 'create', Array)
#14 /Users/ahmedhegazy/Desktop/toefl/toeflsystem/vendor/laravel/framework/src/Illuminate/Database/Eloquent/Model.php(1630): Illuminate\\Database\\Eloquent\\Model->__call('create', Array)
#15 /Users/ahmedhegazy/Desktop/toefl/toeflsystem/app/Http/Controllers/Auth/RegisterController.php(126): Illuminate\\Database\\Eloquent\\Model::__callStatic('create', Array)
#16 /Users/ahmedhegazy/Desktop/toefl/toeflsystem/app/Http/Controllers/Auth/RegisterController.php(95): App\\Http\\Controllers\\Auth\\RegisterController->createStudent(Object(App\\User), Array)
#17 /Users/ahmedhegazy/Desktop/toefl/toeflsystem/vendor/laravel/framework/src/Illuminate/Foundation/Auth/RegistersUsers.php(37): App\\Http\\Controllers\\Auth\\RegisterController->create(Array)
#18 [internal function]: App\\Http\\Controllers\\Auth\\RegisterController->register(Object(Illuminate\\Http\\Request))
#19 /Users/ahmedhegazy/Desktop/toefl/toeflsystem/vendor/laravel/framework/src/Illuminate/Routing/Controller.php(54): call_user_func_array(Array, Array)
#20 /Users/ahmedhegazy/Desktop/toefl/toeflsystem/vendor/laravel/framework/src/Illuminate/Routing/ControllerDispatcher.php(45): Illuminate\\Routing\\Controller->callAction('register', Array)
#21 /Users/ahmedhegazy/Desktop/toefl/toeflsystem/vendor/laravel/framework/src/Illuminate/Routing/Route.php(219): Illuminate\\Routing\\ControllerDispatcher->dispatch(Object(Illuminate\\Routing\\Route), Object(App\\Http\\Controllers\\Auth\\RegisterController), 'register')
#22 /Users/ahmedhegazy/Desktop/toefl/toeflsystem/vendor/laravel/framework/src/Illuminate/Routing/Route.php(176): Illuminate\\Routing\\Route->runController()
#23 /Users/ahmedhegazy/Desktop/toefl/toeflsystem/vendor/laravel/framework/src/Illuminate/Routing/Router.php(680): Illuminate\\Routing\\Route->run()
#24 /Users/ahmedhegazy/Desktop/toefl/toeflsystem/vendor/laravel/framework/src/Illuminate/Routing/Pipeline.php(30): Illuminate\\Routing\\Router->Illuminate\\Routing\\{closure}(Object(Illuminate\\Http\\Request))
#25 /Users/ahmedhegazy/Desktop/toefl/toeflsystem/app/Http/Middleware/isAvailableReservation.php(27): Illuminate\\Routing\\Pipeline->Illuminate\\Routing\\{closure}(Object(Illuminate\\Http\\Request))
#26 /Users/ahmedhegazy/Desktop/toefl/toeflsystem/vendor/laravel/framework/src/Illuminate/Pipeline/Pipeline.php(163): App\\Http\\Middleware\\isAvailableReservation->handle(Object(Illuminate\\Http\\Request), Object(Closure))
#27 /Users/ahmedhegazy/Desktop/toefl/toeflsystem/vendor/laravel/framework/src/Illuminate/Routing/Pipeline.php(53): Illuminate\\Pipeline\\Pipeline->Illuminate\\Pipeline\\{closure}(Object(Illuminate\\Http\\Request))
#28 /Users/ahmedhegazy/Desktop/toefl/toeflsystem/app/Http/Middleware/RedirectIfAuthenticated.php(24): Illuminate\\Routing\\Pipeline->Illuminate\\Routing\\{closure}(Object(Illuminate\\Http\\Request))
#29 /Users/ahmedhegazy/Desktop/toefl/toeflsystem/vendor/laravel/framework/src/Illuminate/Pipeline/Pipeline.php(163): App\\Http\\Middleware\\RedirectIfAuthenticated->handle(Object(Illuminate\\Http\\Request), Object(Closure))
#30 /Users/ahmedhegazy/Desktop/toefl/toeflsystem/vendor/laravel/framework/src/Illuminate/Routing/Pipeline.php(53): Illuminate\\Pipeline\\Pipeline->Illuminate\\Pipeline\\{closure}(Object(Illuminate\\Http\\Request))
#31 /Users/ahmedhegazy/Desktop/toefl/toeflsystem/vendor/laravel/framework/src/Illuminate/Routing/Middleware/SubstituteBindings.php(41): Illuminate\\Routing\\Pipeline->Illuminate\\Routing\\{closure}(Object(Illuminate\\Http\\Request))
#32 /Users/ahmedhegazy/Desktop/toefl/toeflsystem/vendor/laravel/framework/src/Illuminate/Pipeline/Pipeline.php(163): Illuminate\\Routing\\Middleware\\SubstituteBindings->handle(Object(Illuminate\\Http\\Request), Object(Closure))
#33 /Users/ahmedhegazy/Desktop/toefl/toeflsystem/vendor/laravel/framework/src/Illuminate/Routing/Pipeline.php(53): Illuminate\\Pipeline\\Pipeline->Illuminate\\Pipeline\\{closure}(Object(Illuminate\\Http\\Request))
#34 /Users/ahmedhegazy/Desktop/toefl/toeflsystem/vendor/laravel/framework/src/Illuminate/Foundation/Http/Middleware/VerifyCsrfToken.php(75): Illuminate\\Routing\\Pipeline->Illuminate\\Routing\\{closure}(Object(Illuminate\\Http\\Request))
#35 /Users/ahmedhegazy/Desktop/toefl/toeflsystem/vendor/laravel/framework/src/Illuminate/Pipeline/Pipeline.php(163): Illuminate\\Foundation\\Http\\Middleware\\VerifyCsrfToken->handle(Object(Illuminate\\Http\\Request), Object(Closure))
#36 /Users/ahmedhegazy/Desktop/toefl/toeflsystem/vendor/laravel/framework/src/Illuminate/Routing/Pipeline.php(53): Illuminate\\Pipeline\\Pipeline->Illuminate\\Pipeline\\{closure}(Object(Illuminate\\Http\\Request))
#37 /Users/ahmedhegazy/Desktop/toefl/toeflsystem/vendor/laravel/framework/src/Illuminate/View/Middleware/ShareErrorsFromSession.php(49): Illuminate\\Routing\\Pipeline->Illuminate\\Routing\\{closure}(Object(Illuminate\\Http\\Request))
#38 /Users/ahmedhegazy/Desktop/toefl/toeflsystem/vendor/laravel/framework/src/Illuminate/Pipeline/Pipeline.php(163): Illuminate\\View\\Middleware\\ShareErrorsFromSession->handle(Object(Illuminate\\Http\\Request), Object(Closure))
#39 /Users/ahmedhegazy/Desktop/toefl/toeflsystem/vendor/laravel/framework/src/Illuminate/Routing/Pipeline.php(53): Illuminate\\Pipeline\\Pipeline->Illuminate\\Pipeline\\{closure}(Object(Illuminate\\Http\\Request))
#40 /Users/ahmedhegazy/Desktop/toefl/toeflsystem/vendor/laravel/framework/src/Illuminate/Session/Middleware/StartSession.php(56): Illuminate\\Routing\\Pipeline->Illuminate\\Routing\\{closure}(Object(Illuminate\\Http\\Request))
#41 /Users/ahmedhegazy/Desktop/toefl/toeflsystem/vendor/laravel/framework/src/Illuminate/Pipeline/Pipeline.php(163): Illuminate\\Session\\Middleware\\StartSession->handle(Object(Illuminate\\Http\\Request), Object(Closure))
#42 /Users/ahmedhegazy/Desktop/toefl/toeflsystem/vendor/laravel/framework/src/Illuminate/Routing/Pipeline.php(53): Illuminate\\Pipeline\\Pipeline->Illuminate\\Pipeline\\{closure}(Object(Illuminate\\Http\\Request))
#43 /Users/ahmedhegazy/Desktop/toefl/toeflsystem/vendor/laravel/framework/src/Illuminate/Cookie/Middleware/AddQueuedCookiesToResponse.php(37): Illuminate\\Routing\\Pipeline->Illuminate\\Routing\\{closure}(Object(Illuminate\\Http\\Request))
#44 /Users/ahmedhegazy/Desktop/toefl/toeflsystem/vendor/laravel/framework/src/Illuminate/Pipeline/Pipeline.php(163): Illuminate\\Cookie\\Middleware\\AddQueuedCookiesToResponse->handle(Object(Illuminate\\Http\\Request), Object(Closure))
#45 /Users/ahmedhegazy/Desktop/toefl/toeflsystem/vendor/laravel/framework/src/Illuminate/Routing/Pipeline.php(53): Illuminate\\Pipeline\\Pipeline->Illuminate\\Pipeline\\{closure}(Object(Illuminate\\Http\\Request))
#46 /Users/ahmedhegazy/Desktop/toefl/toeflsystem/vendor/laravel/framework/src/Illuminate/Cookie/Middleware/EncryptCookies.php(66): Illuminate\\Routing\\Pipeline->Illuminate\\Routing\\{closure}(Object(Illuminate\\Http\\Request))
#47 /Users/ahmedhegazy/Desktop/toefl/toeflsystem/vendor/laravel/framework/src/Illuminate/Pipeline/Pipeline.php(163): Illuminate\\Cookie\\Middleware\\EncryptCookies->handle(Object(Illuminate\\Http\\Request), Object(Closure))
#48 /Users/ahmedhegazy/Desktop/toefl/toeflsystem/vendor/laravel/framework/src/Illuminate/Routing/Pipeline.php(53): Illuminate\\Pipeline\\Pipeline->Illuminate\\Pipeline\\{closure}(Object(Illuminate\\Http\\Request))
#49 /Users/ahmedhegazy/Desktop/toefl/toeflsystem/vendor/laravel/framework/src/Illuminate/Pipeline/Pipeline.php(104): Illuminate\\Routing\\Pipeline->Illuminate\\Routing\\{closure}(Object(Illuminate\\Http\\Request))
#50 /Users/ahmedhegazy/Desktop/toefl/toeflsystem/vendor/laravel/framework/src/Illuminate/Routing/Router.php(682): Illuminate\\Pipeline\\Pipeline->then(Object(Closure))
#51 /Users/ahmedhegazy/Desktop/toefl/toeflsystem/vendor/laravel/framework/src/Illuminate/Routing/Router.php(657): Illuminate\\Routing\\Router->runRouteWithinStack(Object(Illuminate\\Routing\\Route), Object(Illuminate\\Http\\Request))
#52 /Users/ahmedhegazy/Desktop/toefl/toeflsystem/vendor/laravel/framework/src/Illuminate/Routing/Router.php(623): Illuminate\\Routing\\Router->runRoute(Object(Illuminate\\Http\\Request), Object(Illuminate\\Routing\\Route))
#53 /Users/ahmedhegazy/Desktop/toefl/toeflsystem/vendor/laravel/framework/src/Illuminate/Routing/Router.php(612): Illuminate\\Routing\\Router->dispatchToRoute(Object(Illuminate\\Http\\Request))
#54 /Users/ahmedhegazy/Desktop/toefl/toeflsystem/vendor/laravel/framework/src/Illuminate/Foundation/Http/Kernel.php(176): Illuminate\\Routing\\Router->dispatch(Object(Illuminate\\Http\\Request))
#55 /Users/ahmedhegazy/Desktop/toefl/toeflsystem/vendor/laravel/framework/src/Illuminate/Routing/Pipeline.php(30): Illuminate\\Foundation\\Http\\Kernel->Illuminate\\Foundation\\Http\\{closure}(Object(Illuminate\\Http\\Request))
#56 /Users/ahmedhegazy/Desktop/toefl/toeflsystem/vendor/laravel/framework/src/Illuminate/Foundation/Http/Middleware/TransformsRequest.php(21): Illuminate\\Routing\\Pipeline->Illuminate\\Routing\\{closure}(Object(Illuminate\\Http\\Request))
#57 /Users/ahmedhegazy/Desktop/toefl/toeflsystem/vendor/laravel/framework/src/Illuminate/Pipeline/Pipeline.php(163): Illuminate\\Foundation\\Http\\Middleware\\TransformsRequest->handle(Object(Illuminate\\Http\\Request), Object(Closure))
#58 /Users/ahmedhegazy/Desktop/toefl/toeflsystem/vendor/laravel/framework/src/Illuminate/Routing/Pipeline.php(53): Illuminate\\Pipeline\\Pipeline->Illuminate\\Pipeline\\{closure}(Object(Illuminate\\Http\\Request))
#59 /Users/ahmedhegazy/Desktop/toefl/toeflsystem/vendor/laravel/framework/src/Illuminate/Foundation/Http/Middleware/TransformsRequest.php(21): Illuminate\\Routing\\Pipeline->Illuminate\\Routing\\{closure}(Object(Illuminate\\Http\\Request))
#60 /Users/ahmedhegazy/Desktop/toefl/toeflsystem/vendor/laravel/framework/src/Illuminate/Pipeline/Pipeline.php(163): Illuminate\\Foundation\\Http\\Middleware\\TransformsRequest->handle(Object(Illuminate\\Http\\Request), Object(Closure))
#61 /Users/ahmedhegazy/Desktop/toefl/toeflsystem/vendor/laravel/framework/src/Illuminate/Routing/Pipeline.php(53): Illuminate\\Pipeline\\Pipeline->Illuminate\\Pipeline\\{closure}(Object(Illuminate\\Http\\Request))
#62 /Users/ahmedhegazy/Desktop/toefl/toeflsystem/vendor/laravel/framework/src/Illuminate/Foundation/Http/Middleware/ValidatePostSize.php(27): Illuminate\\Routing\\Pipeline->Illuminate\\Routing\\{closure}(Object(Illuminate\\Http\\Request))
#63 /Users/ahmedhegazy/Desktop/toefl/toeflsystem/vendor/laravel/framework/src/Illuminate/Pipeline/Pipeline.php(163): Illuminate\\Foundation\\Http\\Middleware\\ValidatePostSize->handle(Object(Illuminate\\Http\\Request), Object(Closure))
#64 /Users/ahmedhegazy/Desktop/toefl/toeflsystem/vendor/laravel/framework/src/Illuminate/Routing/Pipeline.php(53): Illuminate\\Pipeline\\Pipeline->Illuminate\\Pipeline\\{closure}(Object(Illuminate\\Http\\Request))
#65 /Users/ahmedhegazy/Desktop/toefl/toeflsystem/vendor/laravel/framework/src/Illuminate/Foundation/Http/Middleware/CheckForMaintenanceMode.php(62): Illuminate\\Routing\\Pipeline->Illuminate\\Routing\\{closure}(Object(Illuminate\\Http\\Request))
#66 /Users/ahmedhegazy/Desktop/toefl/toeflsystem/vendor/laravel/framework/src/Illuminate/Pipeline/Pipeline.php(163): Illuminate\\Foundation\\Http\\Middleware\\CheckForMaintenanceMode->handle(Object(Illuminate\\Http\\Request), Object(Closure))
#67 /Users/ahmedhegazy/Desktop/toefl/toeflsystem/vendor/laravel/framework/src/Illuminate/Routing/Pipeline.php(53): Illuminate\\Pipeline\\Pipeline->Illuminate\\Pipeline\\{closure}(Object(Illuminate\\Http\\Request))
#68 /Users/ahmedhegazy/Desktop/toefl/toeflsystem/vendor/fideloper/proxy/src/TrustProxies.php(57): Illuminate\\Routing\\Pipeline->Illuminate\\Routing\\{closure}(Object(Illuminate\\Http\\Request))
#69 /Users/ahmedhegazy/Desktop/toefl/toeflsystem/vendor/laravel/framework/src/Illuminate/Pipeline/Pipeline.php(163): Fideloper\\Proxy\\TrustProxies->handle(Object(Illuminate\\Http\\Request), Object(Closure))
#70 /Users/ahmedhegazy/Desktop/toefl/toeflsystem/vendor/laravel/framework/src/Illuminate/Routing/Pipeline.php(53): Illuminate\\Pipeline\\Pipeline->Illuminate\\Pipeline\\{closure}(Object(Illuminate\\Http\\Request))
#71 /Users/ahmedhegazy/Desktop/toefl/toeflsystem/vendor/laravel/framework/src/Illuminate/Pipeline/Pipeline.php(104): Illuminate\\Routing\\Pipeline->Illuminate\\Routing\\{closure}(Object(Illuminate\\Http\\Request))
#72 /Users/ahmedhegazy/Desktop/toefl/toeflsystem/vendor/laravel/framework/src/Illuminate/Foundation/Http/Kernel.php(151): Illuminate\\Pipeline\\Pipeline->then(Object(Closure))
#73 /Users/ahmedhegazy/Desktop/toefl/toeflsystem/vendor/laravel/framework/src/Illuminate/Foundation/Http/Kernel.php(116): Illuminate\\Foundation\\Http\\Kernel->sendRequestThroughRouter(Object(Illuminate\\Http\\Request))
#74 /Users/ahmedhegazy/Desktop/toefl/toeflsystem/public/index.php(55): Illuminate\\Foundation\\Http\\Kernel->handle(Object(Illuminate\\Http\\Request))
#75 /Users/ahmedhegazy/Desktop/toefl/toeflsystem/server.php(21): require_once('/Users/ahmedheg...')
#76 {main}
"} 
[2019-10-16 10:43:21] local.ERROR: SQLSTATE[23000]: Integrity constraint violation: 19 FOREIGN KEY constraint failed (SQL: insert into "students" ("uid", "phone", "arabic_name", "personalimage", "nidimage", "certificateimage", "messageimage", "res_id", "group_id", "updated_at", "created_at") values (5, 01096498590, احمد عبد الحميد, personalimages/efL9LIiWRYa0zSqjgJVRnJcKZw6PtPdc5X5FPoeU.jpeg, nidimages/8X8HahkTjVyQNSrXXxVneDslz540j5RtQtzJ1eLD.jpeg, certificateimages/0CJGmkZzPoGGpelYu6fFKrC55LqxB7kj1BohhT0C.jpeg, messageimages/MBOyZynvzQlbjFsh6FhmIxJT9E3E8LizM3GQSsFm.jpeg, 1, 1, 2019-10-16 10:43:21, 2019-10-16 10:43:21)) {"exception":"[object] (Illuminate\\Database\\QueryException(code: 23000): SQLSTATE[23000]: Integrity constraint violation: 19 FOREIGN KEY constraint failed (SQL: insert into \"students\" (\"uid\", \"phone\", \"arabic_name\", \"personalimage\", \"nidimage\", \"certificateimage\", \"messageimage\", \"res_id\", \"group_id\", \"updated_at\", \"created_at\") values (5, 01096498590, احمد عبد الحميد, personalimages/efL9LIiWRYa0zSqjgJVRnJcKZw6PtPdc5X5FPoeU.jpeg, nidimages/8X8HahkTjVyQNSrXXxVneDslz540j5RtQtzJ1eLD.jpeg, certificateimages/0CJGmkZzPoGGpelYu6fFKrC55LqxB7kj1BohhT0C.jpeg, messageimages/MBOyZynvzQlbjFsh6FhmIxJT9E3E8LizM3GQSsFm.jpeg, 1, 1, 2019-10-16 10:43:21, 2019-10-16 10:43:21)) at /Users/ahmedhegazy/Desktop/toefl/toeflsystem/vendor/laravel/framework/src/Illuminate/Database/Connection.php:664, PDOException(code: 23000): SQLSTATE[23000]: Integrity constraint violation: 19 FOREIGN KEY constraint failed at /Users/ahmedhegazy/Desktop/toefl/toeflsystem/vendor/laravel/framework/src/Illuminate/Database/Connection.php:458)
[stacktrace]
#0 /Users/ahmedhegazy/Desktop/toefl/toeflsystem/vendor/laravel/framework/src/Illuminate/Database/Connection.php(624): Illuminate\\Database\\Connection->runQueryCallback('insert into \"st...', Array, Object(Closure))
#1 /Users/ahmedhegazy/Desktop/toefl/toeflsystem/vendor/laravel/framework/src/Illuminate/Database/Connection.php(459): Illuminate\\Database\\Connection->run('insert into \"st...', Array, Object(Closure))
#2 /Users/ahmedhegazy/Desktop/toefl/toeflsystem/vendor/laravel/framework/src/Illuminate/Database/Connection.php(411): Illuminate\\Database\\Connection->statement('insert into \"st...', Array)
#3 /Users/ahmedhegazy/Desktop/toefl/toeflsystem/vendor/laravel/framework/src/Illuminate/Database/Query/Processors/Processor.php(32): Illuminate\\Database\\Connection->insert('insert into \"st...', Array)
#4 /Users/ahmedhegazy/Desktop/toefl/toeflsystem/vendor/laravel/framework/src/Illuminate/Database/Query/Builder.php(2690): Illuminate\\Database\\Query\\Processors\\Processor->processInsertGetId(Object(Illuminate\\Database\\Query\\Builder), 'insert into \"st...', Array, 'id')
#5 /Users/ahmedhegazy/Desktop/toefl/toeflsystem/vendor/laravel/framework/src/Illuminate/Database/Eloquent/Builder.php(1353): Illuminate\\Database\\Query\\Builder->insertGetId(Array, 'id')
#6 /Users/ahmedhegazy/Desktop/toefl/toeflsystem/vendor/laravel/framework/src/Illuminate/Database/Eloquent/Model.php(839): Illuminate\\Database\\Eloquent\\Builder->__call('insertGetId', Array)
#7 /Users/ahmedhegazy/Desktop/toefl/toeflsystem/vendor/laravel/framework/src/Illuminate/Database/Eloquent/Model.php(804): Illuminate\\Database\\Eloquent\\Model->insertAndSetId(Object(Illuminate\\Database\\Eloquent\\Builder), Array)
#8 /Users/ahmedhegazy/Desktop/toefl/toeflsystem/vendor/laravel/framework/src/Illuminate/Database/Eloquent/Model.php(667): Illuminate\\Database\\Eloquent\\Model->performInsert(Object(Illuminate\\Database\\Eloquent\\Builder))
#9 /Users/ahmedhegazy/Desktop/toefl/toeflsystem/vendor/laravel/framework/src/Illuminate/Database/Eloquent/Builder.php(795): Illuminate\\Database\\Eloquent\\Model->save()
#10 /Users/ahmedhegazy/Desktop/toefl/toeflsystem/vendor/laravel/framework/src/Illuminate/Support/helpers.php(1124): Illuminate\\Database\\Eloquent\\Builder->Illuminate\\Database\\Eloquent\\{closure}(Object(App\\Student))
#11 /Users/ahmedhegazy/Desktop/toefl/toeflsystem/vendor/laravel/framework/src/Illuminate/Database/Eloquent/Builder.php(796): tap(Object(App\\Student), Object(Closure))
#12 /Users/ahmedhegazy/Desktop/toefl/toeflsystem/vendor/laravel/framework/src/Illuminate/Support/Traits/ForwardsCalls.php(23): Illuminate\\Database\\Eloquent\\Builder->create(Array)
#13 /Users/ahmedhegazy/Desktop/toefl/toeflsystem/vendor/laravel/framework/src/Illuminate/Database/Eloquent/Model.php(1618): Illuminate\\Database\\Eloquent\\Model->forwardCallTo(Object(Illuminate\\Database\\Eloquent\\Builder), 'create', Array)
#14 /Users/ahmedhegazy/Desktop/toefl/toeflsystem/vendor/laravel/framework/src/Illuminate/Database/Eloquent/Model.php(1630): Illuminate\\Database\\Eloquent\\Model->__call('create', Array)
#15 /Users/ahmedhegazy/Desktop/toefl/toeflsystem/app/Http/Controllers/Auth/RegisterController.php(126): Illuminate\\Database\\Eloquent\\Model::__callStatic('create', Array)
#16 /Users/ahmedhegazy/Desktop/toefl/toeflsystem/app/Http/Controllers/Auth/RegisterController.php(95): App\\Http\\Controllers\\Auth\\RegisterController->createStudent(Object(App\\User), Array)
#17 /Users/ahmedhegazy/Desktop/toefl/toeflsystem/vendor/laravel/framework/src/Illuminate/Foundation/Auth/RegistersUsers.php(37): App\\Http\\Controllers\\Auth\\RegisterController->create(Array)
#18 [internal function]: App\\Http\\Controllers\\Auth\\RegisterController->register(Object(Illuminate\\Http\\Request))
#19 /Users/ahmedhegazy/Desktop/toefl/toeflsystem/vendor/laravel/framework/src/Illuminate/Routing/Controller.php(54): call_user_func_array(Array, Array)
#20 /Users/ahmedhegazy/Desktop/toefl/toeflsystem/vendor/laravel/framework/src/Illuminate/Routing/ControllerDispatcher.php(45): Illuminate\\Routing\\Controller->callAction('register', Array)
#21 /Users/ahmedhegazy/Desktop/toefl/toeflsystem/vendor/laravel/framework/src/Illuminate/Routing/Route.php(219): Illuminate\\Routing\\ControllerDispatcher->dispatch(Object(Illuminate\\Routing\\Route), Object(App\\Http\\Controllers\\Auth\\RegisterController), 'register')
#22 /Users/ahmedhegazy/Desktop/toefl/toeflsystem/vendor/laravel/framework/src/Illuminate/Routing/Route.php(176): Illuminate\\Routing\\Route->runController()
#23 /Users/ahmedhegazy/Desktop/toefl/toeflsystem/vendor/laravel/framework/src/Illuminate/Routing/Router.php(680): Illuminate\\Routing\\Route->run()
#24 /Users/ahmedhegazy/Desktop/toefl/toeflsystem/vendor/laravel/framework/src/Illuminate/Routing/Pipeline.php(30): Illuminate\\Routing\\Router->Illuminate\\Routing\\{closure}(Object(Illuminate\\Http\\Request))
#25 /Users/ahmedhegazy/Desktop/toefl/toeflsystem/app/Http/Middleware/isAvailableReservation.php(27): Illuminate\\Routing\\Pipeline->Illuminate\\Routing\\{closure}(Object(Illuminate\\Http\\Request))
#26 /Users/ahmedhegazy/Desktop/toefl/toeflsystem/vendor/laravel/framework/src/Illuminate/Pipeline/Pipeline.php(163): App\\Http\\Middleware\\isAvailableReservation->handle(Object(Illuminate\\Http\\Request), Object(Closure))
#27 /Users/ahmedhegazy/Desktop/toefl/toeflsystem/vendor/laravel/framework/src/Illuminate/Routing/Pipeline.php(53): Illuminate\\Pipeline\\Pipeline->Illuminate\\Pipeline\\{closure}(Object(Illuminate\\Http\\Request))
#28 /Users/ahmedhegazy/Desktop/toefl/toeflsystem/app/Http/Middleware/RedirectIfAuthenticated.php(24): Illuminate\\Routing\\Pipeline->Illuminate\\Routing\\{closure}(Object(Illuminate\\Http\\Request))
#29 /Users/ahmedhegazy/Desktop/toefl/toeflsystem/vendor/laravel/framework/src/Illuminate/Pipeline/Pipeline.php(163): App\\Http\\Middleware\\RedirectIfAuthenticated->handle(Object(Illuminate\\Http\\Request), Object(Closure))
#30 /Users/ahmedhegazy/Desktop/toefl/toeflsystem/vendor/laravel/framework/src/Illuminate/Routing/Pipeline.php(53): Illuminate\\Pipeline\\Pipeline->Illuminate\\Pipeline\\{closure}(Object(Illuminate\\Http\\Request))
#31 /Users/ahmedhegazy/Desktop/toefl/toeflsystem/vendor/laravel/framework/src/Illuminate/Routing/Middleware/SubstituteBindings.php(41): Illuminate\\Routing\\Pipeline->Illuminate\\Routing\\{closure}(Object(Illuminate\\Http\\Request))
#32 /Users/ahmedhegazy/Desktop/toefl/toeflsystem/vendor/laravel/framework/src/Illuminate/Pipeline/Pipeline.php(163): Illuminate\\Routing\\Middleware\\SubstituteBindings->handle(Object(Illuminate\\Http\\Request), Object(Closure))
#33 /Users/ahmedhegazy/Desktop/toefl/toeflsystem/vendor/laravel/framework/src/Illuminate/Routing/Pipeline.php(53): Illuminate\\Pipeline\\Pipeline->Illuminate\\Pipeline\\{closure}(Object(Illuminate\\Http\\Request))
#34 /Users/ahmedhegazy/Desktop/toefl/toeflsystem/vendor/laravel/framework/src/Illuminate/Foundation/Http/Middleware/VerifyCsrfToken.php(75): Illuminate\\Routing\\Pipeline->Illuminate\\Routing\\{closure}(Object(Illuminate\\Http\\Request))
#35 /Users/ahmedhegazy/Desktop/toefl/toeflsystem/vendor/laravel/framework/src/Illuminate/Pipeline/Pipeline.php(163): Illuminate\\Foundation\\Http\\Middleware\\VerifyCsrfToken->handle(Object(Illuminate\\Http\\Request), Object(Closure))
#36 /Users/ahmedhegazy/Desktop/toefl/toeflsystem/vendor/laravel/framework/src/Illuminate/Routing/Pipeline.php(53): Illuminate\\Pipeline\\Pipeline->Illuminate\\Pipeline\\{closure}(Object(Illuminate\\Http\\Request))
#37 /Users/ahmedhegazy/Desktop/toefl/toeflsystem/vendor/laravel/framework/src/Illuminate/View/Middleware/ShareErrorsFromSession.php(49): Illuminate\\Routing\\Pipeline->Illuminate\\Routing\\{closure}(Object(Illuminate\\Http\\Request))
#38 /Users/ahmedhegazy/Desktop/toefl/toeflsystem/vendor/laravel/framework/src/Illuminate/Pipeline/Pipeline.php(163): Illuminate\\View\\Middleware\\ShareErrorsFromSession->handle(Object(Illuminate\\Http\\Request), Object(Closure))
#39 /Users/ahmedhegazy/Desktop/toefl/toeflsystem/vendor/laravel/framework/src/Illuminate/Routing/Pipeline.php(53): Illuminate\\Pipeline\\Pipeline->Illuminate\\Pipeline\\{closure}(Object(Illuminate\\Http\\Request))
#40 /Users/ahmedhegazy/Desktop/toefl/toeflsystem/vendor/laravel/framework/src/Illuminate/Session/Middleware/StartSession.php(56): Illuminate\\Routing\\Pipeline->Illuminate\\Routing\\{closure}(Object(Illuminate\\Http\\Request))
#41 /Users/ahmedhegazy/Desktop/toefl/toeflsystem/vendor/laravel/framework/src/Illuminate/Pipeline/Pipeline.php(163): Illuminate\\Session\\Middleware\\StartSession->handle(Object(Illuminate\\Http\\Request), Object(Closure))
#42 /Users/ahmedhegazy/Desktop/toefl/toeflsystem/vendor/laravel/framework/src/Illuminate/Routing/Pipeline.php(53): Illuminate\\Pipeline\\Pipeline->Illuminate\\Pipeline\\{closure}(Object(Illuminate\\Http\\Request))
#43 /Users/ahmedhegazy/Desktop/toefl/toeflsystem/vendor/laravel/framework/src/Illuminate/Cookie/Middleware/AddQueuedCookiesToResponse.php(37): Illuminate\\Routing\\Pipeline->Illuminate\\Routing\\{closure}(Object(Illuminate\\Http\\Request))
#44 /Users/ahmedhegazy/Desktop/toefl/toeflsystem/vendor/laravel/framework/src/Illuminate/Pipeline/Pipeline.php(163): Illuminate\\Cookie\\Middleware\\AddQueuedCookiesToResponse->handle(Object(Illuminate\\Http\\Request), Object(Closure))
#45 /Users/ahmedhegazy/Desktop/toefl/toeflsystem/vendor/laravel/framework/src/Illuminate/Routing/Pipeline.php(53): Illuminate\\Pipeline\\Pipeline->Illuminate\\Pipeline\\{closure}(Object(Illuminate\\Http\\Request))
#46 /Users/ahmedhegazy/Desktop/toefl/toeflsystem/vendor/laravel/framework/src/Illuminate/Cookie/Middleware/EncryptCookies.php(66): Illuminate\\Routing\\Pipeline->Illuminate\\Routing\\{closure}(Object(Illuminate\\Http\\Request))
#47 /Users/ahmedhegazy/Desktop/toefl/toeflsystem/vendor/laravel/framework/src/Illuminate/Pipeline/Pipeline.php(163): Illuminate\\Cookie\\Middleware\\EncryptCookies->handle(Object(Illuminate\\Http\\Request), Object(Closure))
#48 /Users/ahmedhegazy/Desktop/toefl/toeflsystem/vendor/laravel/framework/src/Illuminate/Routing/Pipeline.php(53): Illuminate\\Pipeline\\Pipeline->Illuminate\\Pipeline\\{closure}(Object(Illuminate\\Http\\Request))
#49 /Users/ahmedhegazy/Desktop/toefl/toeflsystem/vendor/laravel/framework/src/Illuminate/Pipeline/Pipeline.php(104): Illuminate\\Routing\\Pipeline->Illuminate\\Routing\\{closure}(Object(Illuminate\\Http\\Request))
#50 /Users/ahmedhegazy/Desktop/toefl/toeflsystem/vendor/laravel/framework/src/Illuminate/Routing/Router.php(682): Illuminate\\Pipeline\\Pipeline->then(Object(Closure))
#51 /Users/ahmedhegazy/Desktop/toefl/toeflsystem/vendor/laravel/framework/src/Illuminate/Routing/Router.php(657): Illuminate\\Routing\\Router->runRouteWithinStack(Object(Illuminate\\Routing\\Route), Object(Illuminate\\Http\\Request))
#52 /Users/ahmedhegazy/Desktop/toefl/toeflsystem/vendor/laravel/framework/src/Illuminate/Routing/Router.php(623): Illuminate\\Routing\\Router->runRoute(Object(Illuminate\\Http\\Request), Object(Illuminate\\Routing\\Route))
#53 /Users/ahmedhegazy/Desktop/toefl/toeflsystem/vendor/laravel/framework/src/Illuminate/Routing/Router.php(612): Illuminate\\Routing\\Router->dispatchToRoute(Object(Illuminate\\Http\\Request))
#54 /Users/ahmedhegazy/Desktop/toefl/toeflsystem/vendor/laravel/framework/src/Illuminate/Foundation/Http/Kernel.php(176): Illuminate\\Routing\\Router->dispatch(Object(Illuminate\\Http\\Request))
#55 /Users/ahmedhegazy/Desktop/toefl/toeflsystem/vendor/laravel/framework/src/Illuminate/Routing/Pipeline.php(30): Illuminate\\Foundation\\Http\\Kernel->Illuminate\\Foundation\\Http\\{closure}(Object(Illuminate\\Http\\Request))
#56 /Users/ahmedhegazy/Desktop/toefl/toeflsystem/vendor/laravel/framework/src/Illuminate/Foundation/Http/Middleware/TransformsRequest.php(21): Illuminate\\Routing\\Pipeline->Illuminate\\Routing\\{closure}(Object(Illuminate\\Http\\Request))
#57 /Users/ahmedhegazy/Desktop/toefl/toeflsystem/vendor/laravel/framework/src/Illuminate/Pipeline/Pipeline.php(163): Illuminate\\Foundation\\Http\\Middleware\\TransformsRequest->handle(Object(Illuminate\\Http\\Request), Object(Closure))
#58 /Users/ahmedhegazy/Desktop/toefl/toeflsystem/vendor/laravel/framework/src/Illuminate/Routing/Pipeline.php(53): Illuminate\\Pipeline\\Pipeline->Illuminate\\Pipeline\\{closure}(Object(Illuminate\\Http\\Request))
#59 /Users/ahmedhegazy/Desktop/toefl/toeflsystem/vendor/laravel/framework/src/Illuminate/Foundation/Http/Middleware/TransformsRequest.php(21): Illuminate\\Routing\\Pipeline->Illuminate\\Routing\\{closure}(Object(Illuminate\\Http\\Request))
#60 /Users/ahmedhegazy/Desktop/toefl/toeflsystem/vendor/laravel/framework/src/Illuminate/Pipeline/Pipeline.php(163): Illuminate\\Foundation\\Http\\Middleware\\TransformsRequest->handle(Object(Illuminate\\Http\\Request), Object(Closure))
#61 /Users/ahmedhegazy/Desktop/toefl/toeflsystem/vendor/laravel/framework/src/Illuminate/Routing/Pipeline.php(53): Illuminate\\Pipeline\\Pipeline->Illuminate\\Pipeline\\{closure}(Object(Illuminate\\Http\\Request))
#62 /Users/ahmedhegazy/Desktop/toefl/toeflsystem/vendor/laravel/framework/src/Illuminate/Foundation/Http/Middleware/ValidatePostSize.php(27): Illuminate\\Routing\\Pipeline->Illuminate\\Routing\\{closure}(Object(Illuminate\\Http\\Request))
#63 /Users/ahmedhegazy/Desktop/toefl/toeflsystem/vendor/laravel/framework/src/Illuminate/Pipeline/Pipeline.php(163): Illuminate\\Foundation\\Http\\Middleware\\ValidatePostSize->handle(Object(Illuminate\\Http\\Request), Object(Closure))
#64 /Users/ahmedhegazy/Desktop/toefl/toeflsystem/vendor/laravel/framework/src/Illuminate/Routing/Pipeline.php(53): Illuminate\\Pipeline\\Pipeline->Illuminate\\Pipeline\\{closure}(Object(Illuminate\\Http\\Request))
#65 /Users/ahmedhegazy/Desktop/toefl/toeflsystem/vendor/laravel/framework/src/Illuminate/Foundation/Http/Middleware/CheckForMaintenanceMode.php(62): Illuminate\\Routing\\Pipeline->Illuminate\\Routing\\{closure}(Object(Illuminate\\Http\\Request))
#66 /Users/ahmedhegazy/Desktop/toefl/toeflsystem/vendor/laravel/framework/src/Illuminate/Pipeline/Pipeline.php(163): Illuminate\\Foundation\\Http\\Middleware\\CheckForMaintenanceMode->handle(Object(Illuminate\\Http\\Request), Object(Closure))
#67 /Users/ahmedhegazy/Desktop/toefl/toeflsystem/vendor/laravel/framework/src/Illuminate/Routing/Pipeline.php(53): Illuminate\\Pipeline\\Pipeline->Illuminate\\Pipeline\\{closure}(Object(Illuminate\\Http\\Request))
#68 /Users/ahmedhegazy/Desktop/toefl/toeflsystem/vendor/fideloper/proxy/src/TrustProxies.php(57): Illuminate\\Routing\\Pipeline->Illuminate\\Routing\\{closure}(Object(Illuminate\\Http\\Request))
#69 /Users/ahmedhegazy/Desktop/toefl/toeflsystem/vendor/laravel/framework/src/Illuminate/Pipeline/Pipeline.php(163): Fideloper\\Proxy\\TrustProxies->handle(Object(Illuminate\\Http\\Request), Object(Closure))
#70 /Users/ahmedhegazy/Desktop/toefl/toeflsystem/vendor/laravel/framework/src/Illuminate/Routing/Pipeline.php(53): Illuminate\\Pipeline\\Pipeline->Illuminate\\Pipeline\\{closure}(Object(Illuminate\\Http\\Request))
#71 /Users/ahmedhegazy/Desktop/toefl/toeflsystem/vendor/laravel/framework/src/Illuminate/Pipeline/Pipeline.php(104): Illuminate\\Routing\\Pipeline->Illuminate\\Routing\\{closure}(Object(Illuminate\\Http\\Request))
#72 /Users/ahmedhegazy/Desktop/toefl/toeflsystem/vendor/laravel/framework/src/Illuminate/Foundation/Http/Kernel.php(151): Illuminate\\Pipeline\\Pipeline->then(Object(Closure))
#73 /Users/ahmedhegazy/Desktop/toefl/toeflsystem/vendor/laravel/framework/src/Illuminate/Foundation/Http/Kernel.php(116): Illuminate\\Foundation\\Http\\Kernel->sendRequestThroughRouter(Object(Illuminate\\Http\\Request))
#74 /Users/ahmedhegazy/Desktop/toefl/toeflsystem/public/index.php(55): Illuminate\\Foundation\\Http\\Kernel->handle(Object(Illuminate\\Http\\Request))
#75 /Users/ahmedhegazy/Desktop/toefl/toeflsystem/server.php(21): require_once('/Users/ahmedheg...')
#76 {main}
"} 
[2019-10-16 10:52:13] local.ERROR: SQLSTATE[23000]: Integrity constraint violation: 19 FOREIGN KEY constraint failed (SQL: insert into "students" ("uid", "phone", "arabic_name", "personalimage", "nidimage", "certificateimage", "messageimage", "res_id", "group_id", "updated_at", "created_at") values (6, 01096498592, احمد عبد الحميد, personalimages/3UPZ1r1oMkVFhx6bzco2qb4xxb2azl4TwabKelY4.jpeg, nidimages/c8oxRqzDmWW2j34yqYjjVZsoi2ujh2WwaGUMl0tM.jpeg, certificateimages/86gqkuXucDWwLzUcMQWEplmAWFgMfbdOFhhhhAbh.jpeg, messageimages/rlAXtSTb9vL9tD6aUyE2eSwunGHWguRtRD6CDYwB.jpeg, 1, 1, 2019-10-16 10:52:13, 2019-10-16 10:52:13)) {"exception":"[object] (Illuminate\\Database\\QueryException(code: 23000): SQLSTATE[23000]: Integrity constraint violation: 19 FOREIGN KEY constraint failed (SQL: insert into \"students\" (\"uid\", \"phone\", \"arabic_name\", \"personalimage\", \"nidimage\", \"certificateimage\", \"messageimage\", \"res_id\", \"group_id\", \"updated_at\", \"created_at\") values (6, 01096498592, احمد عبد الحميد, personalimages/3UPZ1r1oMkVFhx6bzco2qb4xxb2azl4TwabKelY4.jpeg, nidimages/c8oxRqzDmWW2j34yqYjjVZsoi2ujh2WwaGUMl0tM.jpeg, certificateimages/86gqkuXucDWwLzUcMQWEplmAWFgMfbdOFhhhhAbh.jpeg, messageimages/rlAXtSTb9vL9tD6aUyE2eSwunGHWguRtRD6CDYwB.jpeg, 1, 1, 2019-10-16 10:52:13, 2019-10-16 10:52:13)) at /Users/ahmedhegazy/Desktop/toefl/toeflsystem/vendor/laravel/framework/src/Illuminate/Database/Connection.php:664, PDOException(code: 23000): SQLSTATE[23000]: Integrity constraint violation: 19 FOREIGN KEY constraint failed at /Users/ahmedhegazy/Desktop/toefl/toeflsystem/vendor/laravel/framework/src/Illuminate/Database/Connection.php:458)
[stacktrace]
#0 /Users/ahmedhegazy/Desktop/toefl/toeflsystem/vendor/laravel/framework/src/Illuminate/Database/Connection.php(624): Illuminate\\Database\\Connection->runQueryCallback('insert into \"st...', Array, Object(Closure))
#1 /Users/ahmedhegazy/Desktop/toefl/toeflsystem/vendor/laravel/framework/src/Illuminate/Database/Connection.php(459): Illuminate\\Database\\Connection->run('insert into \"st...', Array, Object(Closure))
#2 /Users/ahmedhegazy/Desktop/toefl/toeflsystem/vendor/laravel/framework/src/Illuminate/Database/Connection.php(411): Illuminate\\Database\\Connection->statement('insert into \"st...', Array)
#3 /Users/ahmedhegazy/Desktop/toefl/toeflsystem/vendor/laravel/framework/src/Illuminate/Database/Query/Processors/Processor.php(32): Illuminate\\Database\\Connection->insert('insert into \"st...', Array)
#4 /Users/ahmedhegazy/Desktop/toefl/toeflsystem/vendor/laravel/framework/src/Illuminate/Database/Query/Builder.php(2690): Illuminate\\Database\\Query\\Processors\\Processor->processInsertGetId(Object(Illuminate\\Database\\Query\\Builder), 'insert into \"st...', Array, 'id')
#5 /Users/ahmedhegazy/Desktop/toefl/toeflsystem/vendor/laravel/framework/src/Illuminate/Database/Eloquent/Builder.php(1353): Illuminate\\Database\\Query\\Builder->insertGetId(Array, 'id')
#6 /Users/ahmedhegazy/Desktop/toefl/toeflsystem/vendor/laravel/framework/src/Illuminate/Database/Eloquent/Model.php(839): Illuminate\\Database\\Eloquent\\Builder->__call('insertGetId', Array)
#7 /Users/ahmedhegazy/Desktop/toefl/toeflsystem/vendor/laravel/framework/src/Illuminate/Database/Eloquent/Model.php(804): Illuminate\\Database\\Eloquent\\Model->insertAndSetId(Object(Illuminate\\Database\\Eloquent\\Builder), Array)
#8 /Users/ahmedhegazy/Desktop/toefl/toeflsystem/vendor/laravel/framework/src/Illuminate/Database/Eloquent/Model.php(667): Illuminate\\Database\\Eloquent\\Model->performInsert(Object(Illuminate\\Database\\Eloquent\\Builder))
#9 /Users/ahmedhegazy/Desktop/toefl/toeflsystem/vendor/laravel/framework/src/Illuminate/Database/Eloquent/Builder.php(795): Illuminate\\Database\\Eloquent\\Model->save()
#10 /Users/ahmedhegazy/Desktop/toefl/toeflsystem/vendor/laravel/framework/src/Illuminate/Support/helpers.php(1124): Illuminate\\Database\\Eloquent\\Builder->Illuminate\\Database\\Eloquent\\{closure}(Object(App\\Student))
#11 /Users/ahmedhegazy/Desktop/toefl/toeflsystem/vendor/laravel/framework/src/Illuminate/Database/Eloquent/Builder.php(796): tap(Object(App\\Student), Object(Closure))
#12 /Users/ahmedhegazy/Desktop/toefl/toeflsystem/vendor/laravel/framework/src/Illuminate/Support/Traits/ForwardsCalls.php(23): Illuminate\\Database\\Eloquent\\Builder->create(Array)
#13 /Users/ahmedhegazy/Desktop/toefl/toeflsystem/vendor/laravel/framework/src/Illuminate/Database/Eloquent/Model.php(1618): Illuminate\\Database\\Eloquent\\Model->forwardCallTo(Object(Illuminate\\Database\\Eloquent\\Builder), 'create', Array)
#14 /Users/ahmedhegazy/Desktop/toefl/toeflsystem/vendor/laravel/framework/src/Illuminate/Database/Eloquent/Model.php(1630): Illuminate\\Database\\Eloquent\\Model->__call('create', Array)
#15 /Users/ahmedhegazy/Desktop/toefl/toeflsystem/app/Http/Controllers/Auth/RegisterController.php(126): Illuminate\\Database\\Eloquent\\Model::__callStatic('create', Array)
#16 /Users/ahmedhegazy/Desktop/toefl/toeflsystem/app/Http/Controllers/Auth/RegisterController.php(95): App\\Http\\Controllers\\Auth\\RegisterController->createStudent(Object(App\\User), Array)
#17 /Users/ahmedhegazy/Desktop/toefl/toeflsystem/vendor/laravel/framework/src/Illuminate/Foundation/Auth/RegistersUsers.php(42): App\\Http\\Controllers\\Auth\\RegisterController->create(Array)
#18 [internal function]: App\\Http\\Controllers\\Auth\\RegisterController->register(Object(Illuminate\\Http\\Request))
#19 /Users/ahmedhegazy/Desktop/toefl/toeflsystem/vendor/laravel/framework/src/Illuminate/Routing/Controller.php(54): call_user_func_array(Array, Array)
#20 /Users/ahmedhegazy/Desktop/toefl/toeflsystem/vendor/laravel/framework/src/Illuminate/Routing/ControllerDispatcher.php(45): Illuminate\\Routing\\Controller->callAction('register', Array)
#21 /Users/ahmedhegazy/Desktop/toefl/toeflsystem/vendor/laravel/framework/src/Illuminate/Routing/Route.php(219): Illuminate\\Routing\\ControllerDispatcher->dispatch(Object(Illuminate\\Routing\\Route), Object(App\\Http\\Controllers\\Auth\\RegisterController), 'register')
#22 /Users/ahmedhegazy/Desktop/toefl/toeflsystem/vendor/laravel/framework/src/Illuminate/Routing/Route.php(176): Illuminate\\Routing\\Route->runController()
#23 /Users/ahmedhegazy/Desktop/toefl/toeflsystem/vendor/laravel/framework/src/Illuminate/Routing/Router.php(680): Illuminate\\Routing\\Route->run()
#24 /Users/ahmedhegazy/Desktop/toefl/toeflsystem/vendor/laravel/framework/src/Illuminate/Routing/Pipeline.php(30): Illuminate\\Routing\\Router->Illuminate\\Routing\\{closure}(Object(Illuminate\\Http\\Request))
#25 /Users/ahmedhegazy/Desktop/toefl/toeflsystem/app/Http/Middleware/isAvailableReservation.php(27): Illuminate\\Routing\\Pipeline->Illuminate\\Routing\\{closure}(Object(Illuminate\\Http\\Request))
#26 /Users/ahmedhegazy/Desktop/toefl/toeflsystem/vendor/laravel/framework/src/Illuminate/Pipeline/Pipeline.php(163): App\\Http\\Middleware\\isAvailableReservation->handle(Object(Illuminate\\Http\\Request), Object(Closure))
#27 /Users/ahmedhegazy/Desktop/toefl/toeflsystem/vendor/laravel/framework/src/Illuminate/Routing/Pipeline.php(53): Illuminate\\Pipeline\\Pipeline->Illuminate\\Pipeline\\{closure}(Object(Illuminate\\Http\\Request))
#28 /Users/ahmedhegazy/Desktop/toefl/toeflsystem/app/Http/Middleware/RedirectIfAuthenticated.php(24): Illuminate\\Routing\\Pipeline->Illuminate\\Routing\\{closure}(Object(Illuminate\\Http\\Request))
#29 /Users/ahmedhegazy/Desktop/toefl/toeflsystem/vendor/laravel/framework/src/Illuminate/Pipeline/Pipeline.php(163): App\\Http\\Middleware\\RedirectIfAuthenticated->handle(Object(Illuminate\\Http\\Request), Object(Closure))
#30 /Users/ahmedhegazy/Desktop/toefl/toeflsystem/vendor/laravel/framework/src/Illuminate/Routing/Pipeline.php(53): Illuminate\\Pipeline\\Pipeline->Illuminate\\Pipeline\\{closure}(Object(Illuminate\\Http\\Request))
#31 /Users/ahmedhegazy/Desktop/toefl/toeflsystem/vendor/laravel/framework/src/Illuminate/Routing/Middleware/SubstituteBindings.php(41): Illuminate\\Routing\\Pipeline->Illuminate\\Routing\\{closure}(Object(Illuminate\\Http\\Request))
#32 /Users/ahmedhegazy/Desktop/toefl/toeflsystem/vendor/laravel/framework/src/Illuminate/Pipeline/Pipeline.php(163): Illuminate\\Routing\\Middleware\\SubstituteBindings->handle(Object(Illuminate\\Http\\Request), Object(Closure))
#33 /Users/ahmedhegazy/Desktop/toefl/toeflsystem/vendor/laravel/framework/src/Illuminate/Routing/Pipeline.php(53): Illuminate\\Pipeline\\Pipeline->Illuminate\\Pipeline\\{closure}(Object(Illuminate\\Http\\Request))
#34 /Users/ahmedhegazy/Desktop/toefl/toeflsystem/vendor/laravel/framework/src/Illuminate/Foundation/Http/Middleware/VerifyCsrfToken.php(75): Illuminate\\Routing\\Pipeline->Illuminate\\Routing\\{closure}(Object(Illuminate\\Http\\Request))
#35 /Users/ahmedhegazy/Desktop/toefl/toeflsystem/vendor/laravel/framework/src/Illuminate/Pipeline/Pipeline.php(163): Illuminate\\Foundation\\Http\\Middleware\\VerifyCsrfToken->handle(Object(Illuminate\\Http\\Request), Object(Closure))
#36 /Users/ahmedhegazy/Desktop/toefl/toeflsystem/vendor/laravel/framework/src/Illuminate/Routing/Pipeline.php(53): Illuminate\\Pipeline\\Pipeline->Illuminate\\Pipeline\\{closure}(Object(Illuminate\\Http\\Request))
#37 /Users/ahmedhegazy/Desktop/toefl/toeflsystem/vendor/laravel/framework/src/Illuminate/View/Middleware/ShareErrorsFromSession.php(49): Illuminate\\Routing\\Pipeline->Illuminate\\Routing\\{closure}(Object(Illuminate\\Http\\Request))
#38 /Users/ahmedhegazy/Desktop/toefl/toeflsystem/vendor/laravel/framework/src/Illuminate/Pipeline/Pipeline.php(163): Illuminate\\View\\Middleware\\ShareErrorsFromSession->handle(Object(Illuminate\\Http\\Request), Object(Closure))
#39 /Users/ahmedhegazy/Desktop/toefl/toeflsystem/vendor/laravel/framework/src/Illuminate/Routing/Pipeline.php(53): Illuminate\\Pipeline\\Pipeline->Illuminate\\Pipeline\\{closure}(Object(Illuminate\\Http\\Request))
#40 /Users/ahmedhegazy/Desktop/toefl/toeflsystem/vendor/laravel/framework/src/Illuminate/Session/Middleware/StartSession.php(56): Illuminate\\Routing\\Pipeline->Illuminate\\Routing\\{closure}(Object(Illuminate\\Http\\Request))
#41 /Users/ahmedhegazy/Desktop/toefl/toeflsystem/vendor/laravel/framework/src/Illuminate/Pipeline/Pipeline.php(163): Illuminate\\Session\\Middleware\\StartSession->handle(Object(Illuminate\\Http\\Request), Object(Closure))
#42 /Users/ahmedhegazy/Desktop/toefl/toeflsystem/vendor/laravel/framework/src/Illuminate/Routing/Pipeline.php(53): Illuminate\\Pipeline\\Pipeline->Illuminate\\Pipeline\\{closure}(Object(Illuminate\\Http\\Request))
#43 /Users/ahmedhegazy/Desktop/toefl/toeflsystem/vendor/laravel/framework/src/Illuminate/Cookie/Middleware/AddQueuedCookiesToResponse.php(37): Illuminate\\Routing\\Pipeline->Illuminate\\Routing\\{closure}(Object(Illuminate\\Http\\Request))
#44 /Users/ahmedhegazy/Desktop/toefl/toeflsystem/vendor/laravel/framework/src/Illuminate/Pipeline/Pipeline.php(163): Illuminate\\Cookie\\Middleware\\AddQueuedCookiesToResponse->handle(Object(Illuminate\\Http\\Request), Object(Closure))
#45 /Users/ahmedhegazy/Desktop/toefl/toeflsystem/vendor/laravel/framework/src/Illuminate/Routing/Pipeline.php(53): Illuminate\\Pipeline\\Pipeline->Illuminate\\Pipeline\\{closure}(Object(Illuminate\\Http\\Request))
#46 /Users/ahmedhegazy/Desktop/toefl/toeflsystem/vendor/laravel/framework/src/Illuminate/Cookie/Middleware/EncryptCookies.php(66): Illuminate\\Routing\\Pipeline->Illuminate\\Routing\\{closure}(Object(Illuminate\\Http\\Request))
#47 /Users/ahmedhegazy/Desktop/toefl/toeflsystem/vendor/laravel/framework/src/Illuminate/Pipeline/Pipeline.php(163): Illuminate\\Cookie\\Middleware\\EncryptCookies->handle(Object(Illuminate\\Http\\Request), Object(Closure))
#48 /Users/ahmedhegazy/Desktop/toefl/toeflsystem/vendor/laravel/framework/src/Illuminate/Routing/Pipeline.php(53): Illuminate\\Pipeline\\Pipeline->Illuminate\\Pipeline\\{closure}(Object(Illuminate\\Http\\Request))
#49 /Users/ahmedhegazy/Desktop/toefl/toeflsystem/vendor/laravel/framework/src/Illuminate/Pipeline/Pipeline.php(104): Illuminate\\Routing\\Pipeline->Illuminate\\Routing\\{closure}(Object(Illuminate\\Http\\Request))
#50 /Users/ahmedhegazy/Desktop/toefl/toeflsystem/vendor/laravel/framework/src/Illuminate/Routing/Router.php(682): Illuminate\\Pipeline\\Pipeline->then(Object(Closure))
#51 /Users/ahmedhegazy/Desktop/toefl/toeflsystem/vendor/laravel/framework/src/Illuminate/Routing/Router.php(657): Illuminate\\Routing\\Router->runRouteWithinStack(Object(Illuminate\\Routing\\Route), Object(Illuminate\\Http\\Request))
#52 /Users/ahmedhegazy/Desktop/toefl/toeflsystem/vendor/laravel/framework/src/Illuminate/Routing/Router.php(623): Illuminate\\Routing\\Router->runRoute(Object(Illuminate\\Http\\Request), Object(Illuminate\\Routing\\Route))
#53 /Users/ahmedhegazy/Desktop/toefl/toeflsystem/vendor/laravel/framework/src/Illuminate/Routing/Router.php(612): Illuminate\\Routing\\Router->dispatchToRoute(Object(Illuminate\\Http\\Request))
#54 /Users/ahmedhegazy/Desktop/toefl/toeflsystem/vendor/laravel/framework/src/Illuminate/Foundation/Http/Kernel.php(176): Illuminate\\Routing\\Router->dispatch(Object(Illuminate\\Http\\Request))
#55 /Users/ahmedhegazy/Desktop/toefl/toeflsystem/vendor/laravel/framework/src/Illuminate/Routing/Pipeline.php(30): Illuminate\\Foundation\\Http\\Kernel->Illuminate\\Foundation\\Http\\{closure}(Object(Illuminate\\Http\\Request))
#56 /Users/ahmedhegazy/Desktop/toefl/toeflsystem/vendor/laravel/framework/src/Illuminate/Foundation/Http/Middleware/TransformsRequest.php(21): Illuminate\\Routing\\Pipeline->Illuminate\\Routing\\{closure}(Object(Illuminate\\Http\\Request))
#57 /Users/ahmedhegazy/Desktop/toefl/toeflsystem/vendor/laravel/framework/src/Illuminate/Pipeline/Pipeline.php(163): Illuminate\\Foundation\\Http\\Middleware\\TransformsRequest->handle(Object(Illuminate\\Http\\Request), Object(Closure))
#58 /Users/ahmedhegazy/Desktop/toefl/toeflsystem/vendor/laravel/framework/src/Illuminate/Routing/Pipeline.php(53): Illuminate\\Pipeline\\Pipeline->Illuminate\\Pipeline\\{closure}(Object(Illuminate\\Http\\Request))
#59 /Users/ahmedhegazy/Desktop/toefl/toeflsystem/vendor/laravel/framework/src/Illuminate/Foundation/Http/Middleware/TransformsRequest.php(21): Illuminate\\Routing\\Pipeline->Illuminate\\Routing\\{closure}(Object(Illuminate\\Http\\Request))
#60 /Users/ahmedhegazy/Desktop/toefl/toeflsystem/vendor/laravel/framework/src/Illuminate/Pipeline/Pipeline.php(163): Illuminate\\Foundation\\Http\\Middleware\\TransformsRequest->handle(Object(Illuminate\\Http\\Request), Object(Closure))
#61 /Users/ahmedhegazy/Desktop/toefl/toeflsystem/vendor/laravel/framework/src/Illuminate/Routing/Pipeline.php(53): Illuminate\\Pipeline\\Pipeline->Illuminate\\Pipeline\\{closure}(Object(Illuminate\\Http\\Request))
#62 /Users/ahmedhegazy/Desktop/toefl/toeflsystem/vendor/laravel/framework/src/Illuminate/Foundation/Http/Middleware/ValidatePostSize.php(27): Illuminate\\Routing\\Pipeline->Illuminate\\Routing\\{closure}(Object(Illuminate\\Http\\Request))
#63 /Users/ahmedhegazy/Desktop/toefl/toeflsystem/vendor/laravel/framework/src/Illuminate/Pipeline/Pipeline.php(163): Illuminate\\Foundation\\Http\\Middleware\\ValidatePostSize->handle(Object(Illuminate\\Http\\Request), Object(Closure))
#64 /Users/ahmedhegazy/Desktop/toefl/toeflsystem/vendor/laravel/framework/src/Illuminate/Routing/Pipeline.php(53): Illuminate\\Pipeline\\Pipeline->Illuminate\\Pipeline\\{closure}(Object(Illuminate\\Http\\Request))
#65 /Users/ahmedhegazy/Desktop/toefl/toeflsystem/vendor/laravel/framework/src/Illuminate/Foundation/Http/Middleware/CheckForMaintenanceMode.php(62): Illuminate\\Routing\\Pipeline->Illuminate\\Routing\\{closure}(Object(Illuminate\\Http\\Request))
#66 /Users/ahmedhegazy/Desktop/toefl/toeflsystem/vendor/laravel/framework/src/Illuminate/Pipeline/Pipeline.php(163): Illuminate\\Foundation\\Http\\Middleware\\CheckForMaintenanceMode->handle(Object(Illuminate\\Http\\Request), Object(Closure))
#67 /Users/ahmedhegazy/Desktop/toefl/toeflsystem/vendor/laravel/framework/src/Illuminate/Routing/Pipeline.php(53): Illuminate\\Pipeline\\Pipeline->Illuminate\\Pipeline\\{closure}(Object(Illuminate\\Http\\Request))
#68 /Users/ahmedhegazy/Desktop/toefl/toeflsystem/vendor/fideloper/proxy/src/TrustProxies.php(57): Illuminate\\Routing\\Pipeline->Illuminate\\Routing\\{closure}(Object(Illuminate\\Http\\Request))
#69 /Users/ahmedhegazy/Desktop/toefl/toeflsystem/vendor/laravel/framework/src/Illuminate/Pipeline/Pipeline.php(163): Fideloper\\Proxy\\TrustProxies->handle(Object(Illuminate\\Http\\Request), Object(Closure))
#70 /Users/ahmedhegazy/Desktop/toefl/toeflsystem/vendor/laravel/framework/src/Illuminate/Routing/Pipeline.php(53): Illuminate\\Pipeline\\Pipeline->Illuminate\\Pipeline\\{closure}(Object(Illuminate\\Http\\Request))
#71 /Users/ahmedhegazy/Desktop/toefl/toeflsystem/vendor/laravel/framework/src/Illuminate/Pipeline/Pipeline.php(104): Illuminate\\Routing\\Pipeline->Illuminate\\Routing\\{closure}(Object(Illuminate\\Http\\Request))
#72 /Users/ahmedhegazy/Desktop/toefl/toeflsystem/vendor/laravel/framework/src/Illuminate/Foundation/Http/Kernel.php(151): Illuminate\\Pipeline\\Pipeline->then(Object(Closure))
#73 /Users/ahmedhegazy/Desktop/toefl/toeflsystem/vendor/laravel/framework/src/Illuminate/Foundation/Http/Kernel.php(116): Illuminate\\Foundation\\Http\\Kernel->sendRequestThroughRouter(Object(Illuminate\\Http\\Request))
#74 /Users/ahmedhegazy/Desktop/toefl/toeflsystem/public/index.php(55): Illuminate\\Foundation\\Http\\Kernel->handle(Object(Illuminate\\Http\\Request))
#75 /Users/ahmedhegazy/Desktop/toefl/toeflsystem/server.php(21): require_once('/Users/ahmedheg...')
#76 {main}
"} 
[2019-10-16 18:18:42] local.ERROR: SQLSTATE[23000]: Integrity constraint violation: 19 FOREIGN KEY constraint failed (SQL: insert into "students" ("uid", "phone", "arabic_name", "personalimage", "nidimage", "certificateimage", "messageimage", "res_id", "group_id", "updated_at", "created_at") values (9, 01113353922, ahmed hegazee, personalimages/A3ACkbTRpOW2cx2slPdBaJrR24Q9xdvmXdLldvC9.jpeg, nidimages/ZvmzSoOiuYlhKpNLvDkn4YQIQpFHUEIyW91fwqk7.jpeg, certificateimages/85ewfVvMjFVjbOxkzwkF5df0XJqqxvGSEd1pk7Vm.jpeg, messageimages/5vWF4bh55Jc2gH17mT2PAfizFlMvDadowrBxQ5Wn.jpeg, 1, 1, 2019-10-16 18:18:42, 2019-10-16 18:18:42)) {"exception":"[object] (Illuminate\\Database\\QueryException(code: 23000): SQLSTATE[23000]: Integrity constraint violation: 19 FOREIGN KEY constraint failed (SQL: insert into \"students\" (\"uid\", \"phone\", \"arabic_name\", \"personalimage\", \"nidimage\", \"certificateimage\", \"messageimage\", \"res_id\", \"group_id\", \"updated_at\", \"created_at\") values (9, 01113353922, ahmed hegazee, personalimages/A3ACkbTRpOW2cx2slPdBaJrR24Q9xdvmXdLldvC9.jpeg, nidimages/ZvmzSoOiuYlhKpNLvDkn4YQIQpFHUEIyW91fwqk7.jpeg, certificateimages/85ewfVvMjFVjbOxkzwkF5df0XJqqxvGSEd1pk7Vm.jpeg, messageimages/5vWF4bh55Jc2gH17mT2PAfizFlMvDadowrBxQ5Wn.jpeg, 1, 1, 2019-10-16 18:18:42, 2019-10-16 18:18:42)) at /Users/ahmedhegazy/Desktop/toefl/toeflsystem/vendor/laravel/framework/src/Illuminate/Database/Connection.php:664, PDOException(code: 23000): SQLSTATE[23000]: Integrity constraint violation: 19 FOREIGN KEY constraint failed at /Users/ahmedhegazy/Desktop/toefl/toeflsystem/vendor/laravel/framework/src/Illuminate/Database/Connection.php:458)
[stacktrace]
#0 /Users/ahmedhegazy/Desktop/toefl/toeflsystem/vendor/laravel/framework/src/Illuminate/Database/Connection.php(624): Illuminate\\Database\\Connection->runQueryCallback('insert into \"st...', Array, Object(Closure))
#1 /Users/ahmedhegazy/Desktop/toefl/toeflsystem/vendor/laravel/framework/src/Illuminate/Database/Connection.php(459): Illuminate\\Database\\Connection->run('insert into \"st...', Array, Object(Closure))
#2 /Users/ahmedhegazy/Desktop/toefl/toeflsystem/vendor/laravel/framework/src/Illuminate/Database/Connection.php(411): Illuminate\\Database\\Connection->statement('insert into \"st...', Array)
#3 /Users/ahmedhegazy/Desktop/toefl/toeflsystem/vendor/laravel/framework/src/Illuminate/Database/Query/Processors/Processor.php(32): Illuminate\\Database\\Connection->insert('insert into \"st...', Array)
#4 /Users/ahmedhegazy/Desktop/toefl/toeflsystem/vendor/laravel/framework/src/Illuminate/Database/Query/Builder.php(2690): Illuminate\\Database\\Query\\Processors\\Processor->processInsertGetId(Object(Illuminate\\Database\\Query\\Builder), 'insert into \"st...', Array, 'id')
#5 /Users/ahmedhegazy/Desktop/toefl/toeflsystem/vendor/laravel/framework/src/Illuminate/Database/Eloquent/Builder.php(1353): Illuminate\\Database\\Query\\Builder->insertGetId(Array, 'id')
#6 /Users/ahmedhegazy/Desktop/toefl/toeflsystem/vendor/laravel/framework/src/Illuminate/Database/Eloquent/Model.php(839): Illuminate\\Database\\Eloquent\\Builder->__call('insertGetId', Array)
#7 /Users/ahmedhegazy/Desktop/toefl/toeflsystem/vendor/laravel/framework/src/Illuminate/Database/Eloquent/Model.php(804): Illuminate\\Database\\Eloquent\\Model->insertAndSetId(Object(Illuminate\\Database\\Eloquent\\Builder), Array)
#8 /Users/ahmedhegazy/Desktop/toefl/toeflsystem/vendor/laravel/framework/src/Illuminate/Database/Eloquent/Model.php(667): Illuminate\\Database\\Eloquent\\Model->performInsert(Object(Illuminate\\Database\\Eloquent\\Builder))
#9 /Users/ahmedhegazy/Desktop/toefl/toeflsystem/vendor/laravel/framework/src/Illuminate/Database/Eloquent/Builder.php(795): Illuminate\\Database\\Eloquent\\Model->save()
#10 /Users/ahmedhegazy/Desktop/toefl/toeflsystem/vendor/laravel/framework/src/Illuminate/Support/helpers.php(1124): Illuminate\\Database\\Eloquent\\Builder->Illuminate\\Database\\Eloquent\\{closure}(Object(App\\Student))
#11 /Users/ahmedhegazy/Desktop/toefl/toeflsystem/vendor/laravel/framework/src/Illuminate/Database/Eloquent/Builder.php(796): tap(Object(App\\Student), Object(Closure))
#12 /Users/ahmedhegazy/Desktop/toefl/toeflsystem/vendor/laravel/framework/src/Illuminate/Support/Traits/ForwardsCalls.php(23): Illuminate\\Database\\Eloquent\\Builder->create(Array)
#13 /Users/ahmedhegazy/Desktop/toefl/toeflsystem/vendor/laravel/framework/src/Illuminate/Database/Eloquent/Model.php(1618): Illuminate\\Database\\Eloquent\\Model->forwardCallTo(Object(Illuminate\\Database\\Eloquent\\Builder), 'create', Array)
#14 /Users/ahmedhegazy/Desktop/toefl/toeflsystem/vendor/laravel/framework/src/Illuminate/Database/Eloquent/Model.php(1630): Illuminate\\Database\\Eloquent\\Model->__call('create', Array)
#15 /Users/ahmedhegazy/Desktop/toefl/toeflsystem/app/Http/Controllers/Auth/RegisterController.php(124): Illuminate\\Database\\Eloquent\\Model::__callStatic('create', Array)
#16 /Users/ahmedhegazy/Desktop/toefl/toeflsystem/app/Http/Controllers/Auth/RegisterController.php(95): App\\Http\\Controllers\\Auth\\RegisterController->createStudent(Object(App\\User), Array, Object(App\\Reservation))
#17 /Users/ahmedhegazy/Desktop/toefl/toeflsystem/vendor/laravel/framework/src/Illuminate/Foundation/Auth/RegistersUsers.php(38): App\\Http\\Controllers\\Auth\\RegisterController->create(Array, Object(App\\Reservation))
#18 [internal function]: App\\Http\\Controllers\\Auth\\RegisterController->register(Object(Illuminate\\Http\\Request))
#19 /Users/ahmedhegazy/Desktop/toefl/toeflsystem/vendor/laravel/framework/src/Illuminate/Routing/Controller.php(54): call_user_func_array(Array, Array)
#20 /Users/ahmedhegazy/Desktop/toefl/toeflsystem/vendor/laravel/framework/src/Illuminate/Routing/ControllerDispatcher.php(45): Illuminate\\Routing\\Controller->callAction('register', Array)
#21 /Users/ahmedhegazy/Desktop/toefl/toeflsystem/vendor/laravel/framework/src/Illuminate/Routing/Route.php(219): Illuminate\\Routing\\ControllerDispatcher->dispatch(Object(Illuminate\\Routing\\Route), Object(App\\Http\\Controllers\\Auth\\RegisterController), 'register')
#22 /Users/ahmedhegazy/Desktop/toefl/toeflsystem/vendor/laravel/framework/src/Illuminate/Routing/Route.php(176): Illuminate\\Routing\\Route->runController()
#23 /Users/ahmedhegazy/Desktop/toefl/toeflsystem/vendor/laravel/framework/src/Illuminate/Routing/Router.php(680): Illuminate\\Routing\\Route->run()
#24 /Users/ahmedhegazy/Desktop/toefl/toeflsystem/vendor/laravel/framework/src/Illuminate/Routing/Pipeline.php(30): Illuminate\\Routing\\Router->Illuminate\\Routing\\{closure}(Object(Illuminate\\Http\\Request))
#25 /Users/ahmedhegazy/Desktop/toefl/toeflsystem/app/Http/Middleware/isAvailableReservation.php(25): Illuminate\\Routing\\Pipeline->Illuminate\\Routing\\{closure}(Object(Illuminate\\Http\\Request))
#26 /Users/ahmedhegazy/Desktop/toefl/toeflsystem/vendor/laravel/framework/src/Illuminate/Pipeline/Pipeline.php(163): App\\Http\\Middleware\\isAvailableReservation->handle(Object(Illuminate\\Http\\Request), Object(Closure))
#27 /Users/ahmedhegazy/Desktop/toefl/toeflsystem/vendor/laravel/framework/src/Illuminate/Routing/Pipeline.php(53): Illuminate\\Pipeline\\Pipeline->Illuminate\\Pipeline\\{closure}(Object(Illuminate\\Http\\Request))
#28 /Users/ahmedhegazy/Desktop/toefl/toeflsystem/app/Http/Middleware/RedirectIfAuthenticated.php(24): Illuminate\\Routing\\Pipeline->Illuminate\\Routing\\{closure}(Object(Illuminate\\Http\\Request))
#29 /Users/ahmedhegazy/Desktop/toefl/toeflsystem/vendor/laravel/framework/src/Illuminate/Pipeline/Pipeline.php(163): App\\Http\\Middleware\\RedirectIfAuthenticated->handle(Object(Illuminate\\Http\\Request), Object(Closure))
#30 /Users/ahmedhegazy/Desktop/toefl/toeflsystem/vendor/laravel/framework/src/Illuminate/Routing/Pipeline.php(53): Illuminate\\Pipeline\\Pipeline->Illuminate\\Pipeline\\{closure}(Object(Illuminate\\Http\\Request))
#31 /Users/ahmedhegazy/Desktop/toefl/toeflsystem/vendor/laravel/framework/src/Illuminate/Routing/Middleware/SubstituteBindings.php(41): Illuminate\\Routing\\Pipeline->Illuminate\\Routing\\{closure}(Object(Illuminate\\Http\\Request))
#32 /Users/ahmedhegazy/Desktop/toefl/toeflsystem/vendor/laravel/framework/src/Illuminate/Pipeline/Pipeline.php(163): Illuminate\\Routing\\Middleware\\SubstituteBindings->handle(Object(Illuminate\\Http\\Request), Object(Closure))
#33 /Users/ahmedhegazy/Desktop/toefl/toeflsystem/vendor/laravel/framework/src/Illuminate/Routing/Pipeline.php(53): Illuminate\\Pipeline\\Pipeline->Illuminate\\Pipeline\\{closure}(Object(Illuminate\\Http\\Request))
#34 /Users/ahmedhegazy/Desktop/toefl/toeflsystem/vendor/laravel/framework/src/Illuminate/Foundation/Http/Middleware/VerifyCsrfToken.php(75): Illuminate\\Routing\\Pipeline->Illuminate\\Routing\\{closure}(Object(Illuminate\\Http\\Request))
#35 /Users/ahmedhegazy/Desktop/toefl/toeflsystem/vendor/laravel/framework/src/Illuminate/Pipeline/Pipeline.php(163): Illuminate\\Foundation\\Http\\Middleware\\VerifyCsrfToken->handle(Object(Illuminate\\Http\\Request), Object(Closure))
#36 /Users/ahmedhegazy/Desktop/toefl/toeflsystem/vendor/laravel/framework/src/Illuminate/Routing/Pipeline.php(53): Illuminate\\Pipeline\\Pipeline->Illuminate\\Pipeline\\{closure}(Object(Illuminate\\Http\\Request))
#37 /Users/ahmedhegazy/Desktop/toefl/toeflsystem/vendor/laravel/framework/src/Illuminate/View/Middleware/ShareErrorsFromSession.php(49): Illuminate\\Routing\\Pipeline->Illuminate\\Routing\\{closure}(Object(Illuminate\\Http\\Request))
#38 /Users/ahmedhegazy/Desktop/toefl/toeflsystem/vendor/laravel/framework/src/Illuminate/Pipeline/Pipeline.php(163): Illuminate\\View\\Middleware\\ShareErrorsFromSession->handle(Object(Illuminate\\Http\\Request), Object(Closure))
#39 /Users/ahmedhegazy/Desktop/toefl/toeflsystem/vendor/laravel/framework/src/Illuminate/Routing/Pipeline.php(53): Illuminate\\Pipeline\\Pipeline->Illuminate\\Pipeline\\{closure}(Object(Illuminate\\Http\\Request))
#40 /Users/ahmedhegazy/Desktop/toefl/toeflsystem/vendor/laravel/framework/src/Illuminate/Session/Middleware/StartSession.php(56): Illuminate\\Routing\\Pipeline->Illuminate\\Routing\\{closure}(Object(Illuminate\\Http\\Request))
#41 /Users/ahmedhegazy/Desktop/toefl/toeflsystem/vendor/laravel/framework/src/Illuminate/Pipeline/Pipeline.php(163): Illuminate\\Session\\Middleware\\StartSession->handle(Object(Illuminate\\Http\\Request), Object(Closure))
#42 /Users/ahmedhegazy/Desktop/toefl/toeflsystem/vendor/laravel/framework/src/Illuminate/Routing/Pipeline.php(53): Illuminate\\Pipeline\\Pipeline->Illuminate\\Pipeline\\{closure}(Object(Illuminate\\Http\\Request))
#43 /Users/ahmedhegazy/Desktop/toefl/toeflsystem/vendor/laravel/framework/src/Illuminate/Cookie/Middleware/AddQueuedCookiesToResponse.php(37): Illuminate\\Routing\\Pipeline->Illuminate\\Routing\\{closure}(Object(Illuminate\\Http\\Request))
#44 /Users/ahmedhegazy/Desktop/toefl/toeflsystem/vendor/laravel/framework/src/Illuminate/Pipeline/Pipeline.php(163): Illuminate\\Cookie\\Middleware\\AddQueuedCookiesToResponse->handle(Object(Illuminate\\Http\\Request), Object(Closure))
#45 /Users/ahmedhegazy/Desktop/toefl/toeflsystem/vendor/laravel/framework/src/Illuminate/Routing/Pipeline.php(53): Illuminate\\Pipeline\\Pipeline->Illuminate\\Pipeline\\{closure}(Object(Illuminate\\Http\\Request))
#46 /Users/ahmedhegazy/Desktop/toefl/toeflsystem/vendor/laravel/framework/src/Illuminate/Cookie/Middleware/EncryptCookies.php(66): Illuminate\\Routing\\Pipeline->Illuminate\\Routing\\{closure}(Object(Illuminate\\Http\\Request))
#47 /Users/ahmedhegazy/Desktop/toefl/toeflsystem/vendor/laravel/framework/src/Illuminate/Pipeline/Pipeline.php(163): Illuminate\\Cookie\\Middleware\\EncryptCookies->handle(Object(Illuminate\\Http\\Request), Object(Closure))
#48 /Users/ahmedhegazy/Desktop/toefl/toeflsystem/vendor/laravel/framework/src/Illuminate/Routing/Pipeline.php(53): Illuminate\\Pipeline\\Pipeline->Illuminate\\Pipeline\\{closure}(Object(Illuminate\\Http\\Request))
#49 /Users/ahmedhegazy/Desktop/toefl/toeflsystem/vendor/laravel/framework/src/Illuminate/Pipeline/Pipeline.php(104): Illuminate\\Routing\\Pipeline->Illuminate\\Routing\\{closure}(Object(Illuminate\\Http\\Request))
#50 /Users/ahmedhegazy/Desktop/toefl/toeflsystem/vendor/laravel/framework/src/Illuminate/Routing/Router.php(682): Illuminate\\Pipeline\\Pipeline->then(Object(Closure))
#51 /Users/ahmedhegazy/Desktop/toefl/toeflsystem/vendor/laravel/framework/src/Illuminate/Routing/Router.php(657): Illuminate\\Routing\\Router->runRouteWithinStack(Object(Illuminate\\Routing\\Route), Object(Illuminate\\Http\\Request))
#52 /Users/ahmedhegazy/Desktop/toefl/toeflsystem/vendor/laravel/framework/src/Illuminate/Routing/Router.php(623): Illuminate\\Routing\\Router->runRoute(Object(Illuminate\\Http\\Request), Object(Illuminate\\Routing\\Route))
#53 /Users/ahmedhegazy/Desktop/toefl/toeflsystem/vendor/laravel/framework/src/Illuminate/Routing/Router.php(612): Illuminate\\Routing\\Router->dispatchToRoute(Object(Illuminate\\Http\\Request))
#54 /Users/ahmedhegazy/Desktop/toefl/toeflsystem/vendor/laravel/framework/src/Illuminate/Foundation/Http/Kernel.php(176): Illuminate\\Routing\\Router->dispatch(Object(Illuminate\\Http\\Request))
#55 /Users/ahmedhegazy/Desktop/toefl/toeflsystem/vendor/laravel/framework/src/Illuminate/Routing/Pipeline.php(30): Illuminate\\Foundation\\Http\\Kernel->Illuminate\\Foundation\\Http\\{closure}(Object(Illuminate\\Http\\Request))
#56 /Users/ahmedhegazy/Desktop/toefl/toeflsystem/vendor/laravel/framework/src/Illuminate/Foundation/Http/Middleware/TransformsRequest.php(21): Illuminate\\Routing\\Pipeline->Illuminate\\Routing\\{closure}(Object(Illuminate\\Http\\Request))
#57 /Users/ahmedhegazy/Desktop/toefl/toeflsystem/vendor/laravel/framework/src/Illuminate/Pipeline/Pipeline.php(163): Illuminate\\Foundation\\Http\\Middleware\\TransformsRequest->handle(Object(Illuminate\\Http\\Request), Object(Closure))
#58 /Users/ahmedhegazy/Desktop/toefl/toeflsystem/vendor/laravel/framework/src/Illuminate/Routing/Pipeline.php(53): Illuminate\\Pipeline\\Pipeline->Illuminate\\Pipeline\\{closure}(Object(Illuminate\\Http\\Request))
#59 /Users/ahmedhegazy/Desktop/toefl/toeflsystem/vendor/laravel/framework/src/Illuminate/Foundation/Http/Middleware/TransformsRequest.php(21): Illuminate\\Routing\\Pipeline->Illuminate\\Routing\\{closure}(Object(Illuminate\\Http\\Request))
#60 /Users/ahmedhegazy/Desktop/toefl/toeflsystem/vendor/laravel/framework/src/Illuminate/Pipeline/Pipeline.php(163): Illuminate\\Foundation\\Http\\Middleware\\TransformsRequest->handle(Object(Illuminate\\Http\\Request), Object(Closure))
#61 /Users/ahmedhegazy/Desktop/toefl/toeflsystem/vendor/laravel/framework/src/Illuminate/Routing/Pipeline.php(53): Illuminate\\Pipeline\\Pipeline->Illuminate\\Pipeline\\{closure}(Object(Illuminate\\Http\\Request))
#62 /Users/ahmedhegazy/Desktop/toefl/toeflsystem/vendor/laravel/framework/src/Illuminate/Foundation/Http/Middleware/ValidatePostSize.php(27): Illuminate\\Routing\\Pipeline->Illuminate\\Routing\\{closure}(Object(Illuminate\\Http\\Request))
#63 /Users/ahmedhegazy/Desktop/toefl/toeflsystem/vendor/laravel/framework/src/Illuminate/Pipeline/Pipeline.php(163): Illuminate\\Foundation\\Http\\Middleware\\ValidatePostSize->handle(Object(Illuminate\\Http\\Request), Object(Closure))
#64 /Users/ahmedhegazy/Desktop/toefl/toeflsystem/vendor/laravel/framework/src/Illuminate/Routing/Pipeline.php(53): Illuminate\\Pipeline\\Pipeline->Illuminate\\Pipeline\\{closure}(Object(Illuminate\\Http\\Request))
#65 /Users/ahmedhegazy/Desktop/toefl/toeflsystem/vendor/laravel/framework/src/Illuminate/Foundation/Http/Middleware/CheckForMaintenanceMode.php(62): Illuminate\\Routing\\Pipeline->Illuminate\\Routing\\{closure}(Object(Illuminate\\Http\\Request))
#66 /Users/ahmedhegazy/Desktop/toefl/toeflsystem/vendor/laravel/framework/src/Illuminate/Pipeline/Pipeline.php(163): Illuminate\\Foundation\\Http\\Middleware\\CheckForMaintenanceMode->handle(Object(Illuminate\\Http\\Request), Object(Closure))
#67 /Users/ahmedhegazy/Desktop/toefl/toeflsystem/vendor/laravel/framework/src/Illuminate/Routing/Pipeline.php(53): Illuminate\\Pipeline\\Pipeline->Illuminate\\Pipeline\\{closure}(Object(Illuminate\\Http\\Request))
#68 /Users/ahmedhegazy/Desktop/toefl/toeflsystem/vendor/fideloper/proxy/src/TrustProxies.php(57): Illuminate\\Routing\\Pipeline->Illuminate\\Routing\\{closure}(Object(Illuminate\\Http\\Request))
#69 /Users/ahmedhegazy/Desktop/toefl/toeflsystem/vendor/laravel/framework/src/Illuminate/Pipeline/Pipeline.php(163): Fideloper\\Proxy\\TrustProxies->handle(Object(Illuminate\\Http\\Request), Object(Closure))
#70 /Users/ahmedhegazy/Desktop/toefl/toeflsystem/vendor/laravel/framework/src/Illuminate/Routing/Pipeline.php(53): Illuminate\\Pipeline\\Pipeline->Illuminate\\Pipeline\\{closure}(Object(Illuminate\\Http\\Request))
#71 /Users/ahmedhegazy/Desktop/toefl/toeflsystem/vendor/laravel/framework/src/Illuminate/Pipeline/Pipeline.php(104): Illuminate\\Routing\\Pipeline->Illuminate\\Routing\\{closure}(Object(Illuminate\\Http\\Request))
#72 /Users/ahmedhegazy/Desktop/toefl/toeflsystem/vendor/laravel/framework/src/Illuminate/Foundation/Http/Kernel.php(151): Illuminate\\Pipeline\\Pipeline->then(Object(Closure))
#73 /Users/ahmedhegazy/Desktop/toefl/toeflsystem/vendor/laravel/framework/src/Illuminate/Foundation/Http/Kernel.php(116): Illuminate\\Foundation\\Http\\Kernel->sendRequestThroughRouter(Object(Illuminate\\Http\\Request))
#74 /Users/ahmedhegazy/Desktop/toefl/toeflsystem/public/index.php(55): Illuminate\\Foundation\\Http\\Kernel->handle(Object(Illuminate\\Http\\Request))
#75 /Users/ahmedhegazy/Desktop/toefl/toeflsystem/server.php(21): require_once('/Users/ahmedheg...')
#76 {main}
"} 
